2021-05-31T10:59:40.030Z - normal: Load ~/.CocosCreator/settings.json
2021-05-31T10:59:40.073Z - normal: Initializing Asset Database
2021-05-31T10:59:40.074Z - normal: checking language setting...
2021-05-31T10:59:40.074Z - normal: Language: en
2021-05-31T10:59:40.612Z - success: preview server running at http://localhost:7456
2021-05-31T10:59:40.623Z - success: protocol editor-framework registered
2021-05-31T10:59:40.624Z - success: protocol app registered
2021-05-31T10:59:40.624Z - success: protocol theme registered
2021-05-31T10:59:40.624Z - success: protocol packages registered
2021-05-31T10:59:40.624Z - success: protocol uuid registerred
2021-05-31T10:59:40.624Z - success: protocol db registerred
2021-05-31T10:59:40.624Z - success: protocol thumbnail registerred
2021-05-31T10:59:40.624Z - success: protocol unpack registerred
2021-05-31T10:59:40.624Z - success: protocol disable-commonjs registerred
2021-05-31T10:59:41.282Z - normal: connected!
2021-05-31T10:59:41.283Z - normal: Check project /Users/gemi/Git Desktop/2048-Game
2021-05-31T10:59:41.285Z - normal: Initializing project /Users/gemi/Git Desktop/2048-Game
2021-05-31T10:59:41.581Z - normal: Initializing Cocos2d
2021-05-31T10:59:42.010Z - normal: Initializing engine extends
2021-05-31T10:59:42.031Z - success: alipay-adapter loaded
2021-05-31T10:59:42.042Z - success: asset-db-debugger loaded
2021-05-31T10:59:42.043Z - success: baidu-adapter loaded
2021-05-31T10:59:42.043Z - success: color-picker loaded
2021-05-31T10:59:42.132Z - success: fb-audience-network loaded
2021-05-31T10:59:42.171Z - success: fb-live-stream loaded
2021-05-31T10:59:42.173Z - success: google-play-instant loaded
2021-05-31T10:59:42.177Z - success: huawei-runtime loaded
2021-05-31T10:59:42.332Z - success: cpk-publish loaded
2021-05-31T10:59:42.333Z - success: jsb-adapter loaded
2021-05-31T10:59:42.336Z - success: oppo-runtime loaded
2021-05-31T10:59:42.339Z - success: package-manager loaded
2021-05-31T10:59:42.432Z - success: qqplay-adapter loaded
2021-05-31T10:59:42.434Z - success: runtime-dev-tools loaded
2021-05-31T10:59:42.437Z - success: sdkbox loaded
2021-05-31T10:59:42.440Z - success: tester loaded
2021-05-31T10:59:42.443Z - success: ui-kit-preview-extra loaded
2021-05-31T10:59:42.445Z - success: ui-kit-preview loaded
2021-05-31T10:59:42.447Z - success: ui-kit loaded
2021-05-31T10:59:42.451Z - success: vivo-runtime loaded
2021-05-31T10:59:42.452Z - success: weapp-adapter loaded
2021-05-31T10:59:42.453Z - success: xiaomi-adapter loaded
2021-05-31T10:59:42.454Z - success: alipay-minigame loaded
2021-05-31T10:59:42.486Z - success: assets loaded
2021-05-31T10:59:42.488Z - success: builder loaded
2021-05-31T10:59:42.664Z - success: cocos-services loaded
2021-05-31T10:59:42.668Z - success: console loaded
2021-05-31T10:59:42.691Z - success: fb-instant-games loaded
2021-05-31T10:59:42.694Z - success: game-window loaded
2021-05-31T10:59:42.695Z - success: google-instant-games loaded
2021-05-31T10:59:42.699Z - success: hierarchy loaded
2021-05-31T10:59:42.702Z - success: inspector loaded
2021-05-31T10:59:42.703Z - success: keystore loaded
2021-05-31T10:59:42.707Z - success: node-library loaded
2021-05-31T10:59:42.709Z - success: package-asset loaded
2021-05-31T10:59:42.710Z - success: preferences loaded
2021-05-31T10:59:42.712Z - success: project-exporter loaded
2021-05-31T10:59:42.716Z - success: project-importer loaded
2021-05-31T10:59:42.719Z - success: project-settings loaded
2021-05-31T10:59:42.723Z - success: scene loaded
2021-05-31T10:59:42.725Z - success: simulator-debugger loaded
2021-05-31T10:59:42.727Z - success: sprite-editor loaded
2021-05-31T10:59:42.730Z - success: store loaded
2021-05-31T10:59:42.735Z - success: timeline loaded
2021-05-31T10:59:42.738Z - success: xiaomi-runtime loaded
2021-05-31T10:59:42.831Z - success: im-plugin loaded
2021-05-31T10:59:43.564Z - normal: Loading packages
2021-05-31T10:59:43.569Z - normal: Watching packages
2021-05-31T10:59:43.646Z - normal: Run Application
2021-05-31T10:59:45.834Z - info: Cocos Services load base data!
